{"/home/igor/Desktop/f_master/6_módulo/Convert_my_Money2/lib/api-bcb.js": {"path":"/home/igor/Desktop/f_master/6_módulo/Convert_my_Money2/lib/api-bcb.js","statementMap":{"0":{"start":{"line":1,"column":14},"end":{"line":1,"column":30}},"1":{"start":{"line":3,"column":15},"end":{"line":3,"column":235}},"2":{"start":{"line":3,"column":22},"end":{"line":3,"column":235}},"3":{"start":{"line":4,"column":24},"end":{"line":4,"column":45}},"4":{"start":{"line":4,"column":31},"end":{"line":4,"column":45}},"5":{"start":{"line":6,"column":25},"end":{"line":6,"column":62}},"6":{"start":{"line":6,"column":32},"end":{"line":6,"column":62}},"7":{"start":{"line":7,"column":17},"end":{"line":9,"column":76}},"8":{"start":{"line":8,"column":18},"end":{"line":8,"column":28}},"9":{"start":{"line":9,"column":4},"end":{"line":9,"column":75}},"10":{"start":{"line":11,"column":21},"end":{"line":21,"column":1}},"11":{"start":{"line":11,"column":81},"end":{"line":21,"column":1}},"12":{"start":{"line":12,"column":4},"end":{"line":20,"column":5}},"13":{"start":{"line":13,"column":22},"end":{"line":13,"column":32}},"14":{"start":{"line":14,"column":20},"end":{"line":14,"column":33}},"15":{"start":{"line":15,"column":20},"end":{"line":15,"column":46}},"16":{"start":{"line":16,"column":26},"end":{"line":16,"column":47}},"17":{"start":{"line":17,"column":8},"end":{"line":17,"column":24}},"18":{"start":{"line":19,"column":8},"end":{"line":19,"column":17}},"19":{"start":{"line":24,"column":0},"end":{"line":33,"column":1}}},"fnMap":{"0":{"name":"(anonymous_0)","decl":{"start":{"line":3,"column":15},"end":{"line":3,"column":16}},"loc":{"start":{"line":3,"column":22},"end":{"line":3,"column":235}},"line":3},"1":{"name":"(anonymous_1)","decl":{"start":{"line":4,"column":24},"end":{"line":4,"column":25}},"loc":{"start":{"line":4,"column":31},"end":{"line":4,"column":45}},"line":4},"2":{"name":"(anonymous_2)","decl":{"start":{"line":6,"column":25},"end":{"line":6,"column":26}},"loc":{"start":{"line":6,"column":32},"end":{"line":6,"column":62}},"line":6},"3":{"name":"(anonymous_3)","decl":{"start":{"line":7,"column":17},"end":{"line":7,"column":18}},"loc":{"start":{"line":7,"column":22},"end":{"line":9,"column":76}},"line":7},"4":{"name":"(anonymous_4)","decl":{"start":{"line":11,"column":21},"end":{"line":11,"column":22}},"loc":{"start":{"line":11,"column":81},"end":{"line":21,"column":1}},"line":11},"5":{"name":"(anonymous_5)","decl":{"start":{"line":11,"column":81},"end":{"line":11,"column":82}},"loc":{"start":{"line":11,"column":92},"end":{"line":21,"column":1}},"line":11}},"branchMap":{},"s":{"0":1,"1":1,"2":1,"3":1,"4":1,"5":1,"6":1,"7":1,"8":1,"9":1,"10":1,"11":3,"12":2,"13":2,"14":2,"15":2,"16":1,"17":1,"18":1,"19":1},"f":{"0":1,"1":1,"2":1,"3":1,"4":3,"5":2},"b":{},"_coverageSchema":"1a1c01bbd47fc00a2c39e90264f33305004495a9","hash":"419956fc06b0290dcd850365ec0b930e7d3a9668"}
,"/home/igor/Desktop/f_master/6_módulo/Convert_my_Money2/lib/convert.js": {"path":"/home/igor/Desktop/f_master/6_módulo/Convert_my_Money2/lib/convert.js","statementMap":{"0":{"start":{"line":1,"column":16},"end":{"line":3,"column":1}},"1":{"start":{"line":2,"column":4},"end":{"line":2,"column":29}},"2":{"start":{"line":4,"column":16},"end":{"line":6,"column":1}},"3":{"start":{"line":5,"column":4},"end":{"line":5,"column":39}},"4":{"start":{"line":8,"column":0},"end":{"line":11,"column":1}}},"fnMap":{"0":{"name":"(anonymous_0)","decl":{"start":{"line":1,"column":16},"end":{"line":1,"column":17}},"loc":{"start":{"line":1,"column":38},"end":{"line":3,"column":1}},"line":1},"1":{"name":"(anonymous_1)","decl":{"start":{"line":4,"column":16},"end":{"line":4,"column":17}},"loc":{"start":{"line":4,"column":25},"end":{"line":6,"column":1}},"line":4}},"branchMap":{},"s":{"0":1,"1":2,"2":1,"3":1,"4":1},"f":{"0":2,"1":1},"b":{},"_coverageSchema":"1a1c01bbd47fc00a2c39e90264f33305004495a9","hash":"91e33bb9c43fe9c47a60788af885dc2f652020bb"}
}
